SF:lib\auto_cache_manager.dart
DA:8,0
DA:9,0
LF:2
LH:0
end_of_record
SF:lib\src\core\config\cache_config.dart
DA:9,5
DA:12,5
DA:14,10
DA:16,1
DA:17,2
DA:18,3
LF:6
LH:6
end_of_record
SF:lib\src\modules\cache\domain\value_objects\cache_size_options.dart
DA:24,12
DA:27,0
DA:28,0
DA:35,5
DA:44,0
DA:45,0
DA:46,0
DA:48,0
DA:51,0
DA:54,2
DA:58,0
DA:61,0
DA:62,0
LF:13
LH:3
end_of_record
SF:lib\src\modules\cache\domain\enums\storage_type.dart
DA:10,2
DA:11,0
LF:2
LH:1
end_of_record
SF:lib\src\modules\cache\presenter\controllers\specifics\sql_cache_manager_controller.dart
DA:17,0
DA:23,0
DA:26,0
DA:38,0
DA:39,0
DA:59,0
DA:60,0
LF:7
LH:0
end_of_record
SF:lib\src\modules\cache\presenter\controllers\specifics\prefs_cache_manager_controller.dart
DA:11,0
DA:13,0
DA:15,0
DA:21,0
DA:22,0
DA:29,0
DA:30,0
DA:37,0
DA:38,0
DA:45,0
DA:46,0
DA:53,0
DA:54,0
DA:61,0
DA:62,0
LF:15
LH:0
end_of_record
SF:lib\src\modules\cache\presenter\controllers\base_cache_manager_controller.dart
DA:22,1
DA:29,0
DA:30,0
DA:32,0
DA:33,0
DA:34,0
DA:35,0
DA:36,0
DA:41,1
DA:42,1
DA:44,2
DA:46,2
DA:48,1
DA:49,1
DA:50,2
DA:54,1
DA:55,1
DA:57,2
DA:58,2
DA:60,1
DA:61,1
DA:65,0
DA:66,0
DA:68,0
DA:69,0
DA:71,0
DA:72,0
DA:76,1
DA:77,2
DA:80,1
DA:82,1
LF:31
LH:18
end_of_record
SF:lib\src\auto_cache_manager_initializer.dart
DA:11,4
DA:14,12
DA:17,8
DA:23,6
DA:26,6
DA:32,1
DA:33,2
DA:34,1
DA:40,2
DA:42,4
LF:10
LH:10
end_of_record
SF:lib\src\auto_cache_injections.dart
DA:9,1
DA:10,4
DA:12,2
DA:14,2
DA:15,1
DA:16,2
LF:6
LH:6
end_of_record
SF:lib\src\core\services\storages\kvs\shared_preferences\shared_preferences_service.dart
DA:14,2
DA:16,1
DA:19,2
DA:23,1
DA:24,1
DA:26,1
DA:30,1
DA:33,2
DA:35,1
DA:38,2
DA:39,1
DA:42,1
DA:43,1
DA:45,2
DA:47,1
DA:51,1
DA:53,2
LF:17
LH:17
end_of_record
SF:lib\src\core\exceptions\auto_cache_manager_exception.dart
DA:11,3
LF:1
LH:1
end_of_record
SF:lib\src\core\services\injector\injector.dart
DA:2,2
DA:4,6
DA:6,4
DA:10,6
DA:12,1
DA:13,2
DA:16,1
DA:17,2
DA:20,1
DA:21,3
DA:24,1
DA:25,3
DA:28,1
DA:29,2
DA:32,3
LF:15
LH:15
end_of_record
SF:lib\src\core\exceptions\initializer_exceptions.dart
DA:4,1
DA:7,1
LF:2
LH:2
end_of_record
SF:lib\src\core\services\storages\dtos\adapters\storage_dto_adapter.dart
DA:5,2
DA:7,2
DA:8,2
DA:9,2
DA:10,2
DA:11,4
DA:14,1
DA:22,2
DA:23,2
DA:24,2
DA:25,2
DA:26,2
DA:27,4
LF:13
LH:13
end_of_record
SF:lib\src\core\services\storages\exceptions\adapters_exceptions.dart
DA:4,1
LF:1
LH:1
end_of_record
SF:lib\src\core\services\storages\dtos\storage_dto.dart
DA:7,3
LF:1
LH:1
end_of_record
SF:lib\src\core\services\storages\exceptions\storage_exceptions.dart
DA:4,0
DA:12,1
DA:20,1
DA:21,1
DA:25,1
DA:26,1
LF:6
LH:5
end_of_record
SF:lib\src\modules\cache\domain\dtos\clear_cache_dto.dart
DA:6,1
LF:1
LH:1
end_of_record
SF:lib\src\modules\cache\domain\dtos\get_cache_dto.dart
DA:7,4
LF:1
LH:1
end_of_record
SF:lib\src\modules\cache\domain\dtos\save_cache_dto.dart
DA:11,5
DA:17,3
DA:21,9
DA:24,0
DA:26,0
LF:5
LH:3
end_of_record
SF:lib\src\modules\cache\domain\entities\cache_entity.dart
DA:12,3
DA:17,1
DA:19,1
DA:23,0
DA:26,0
DA:27,0
LF:6
LH:3
end_of_record
SF:lib\src\modules\cache\domain\services\invalidation\invalidation_cache_context.dart
DA:7,0
DA:12,0
LF:2
LH:0
end_of_record
SF:lib\src\modules\cache\domain\services\invalidation\methods\implementations\ttl_invalidation_cache_method.dart
DA:7,11
DA:11,0
DA:13,0
DA:15,0
LF:4
LH:1
end_of_record
SF:lib\src\modules\cache\domain\usecases\clear_cache_usecase.dart
DA:12,1
DA:14,1
DA:16,2
LF:3
LH:3
end_of_record
SF:lib\src\modules\cache\domain\usecases\get_cache_usecase.dart
DA:15,1
DA:17,1
DA:19,2
DA:21,1
DA:22,2
DA:25,2
DA:26,1
DA:29,1
DA:30,2
DA:32,1
DA:33,2
DA:36,1
LF:12
LH:12
end_of_record
SF:lib\src\modules\cache\domain\usecases\save_cache_usecase.dart
DA:17,1
DA:19,1
DA:21,3
DA:22,2
DA:24,1
DA:25,2
DA:28,1
DA:29,2
DA:31,1
DA:32,2
DA:36,2
DA:39,1
DA:40,2
DA:42,1
DA:43,2
DA:46,1
LF:16
LH:16
end_of_record
SF:lib\src\modules\cache\infra\repositories\cache_repository.dart
DA:15,1
DA:17,1
DA:20,6
DA:22,2
DA:24,1
DA:25,1
DA:26,1
DA:30,1
DA:33,6
DA:35,1
DA:37,1
DA:38,1
DA:39,1
DA:43,1
DA:46,6
DA:48,1
DA:50,1
DA:51,1
DA:52,1
LF:19
LH:19
end_of_record
SF:lib\src\modules\cache\external\adapters\cache_adapter.dart
DA:7,1
DA:8,1
DA:9,1
DA:10,1
DA:11,2
DA:12,2
DA:16,1
DA:17,1
DA:18,1
DA:19,1
DA:20,2
DA:21,1
DA:25,1
DA:26,1
DA:27,1
DA:28,1
DA:29,2
DA:30,2
LF:18
LH:18
end_of_record
SF:lib\src\modules\cache\external\adapters\enums\invalidation_type_adapter.dart
DA:4,3
DA:5,0
DA:6,3
DA:7,3
DA:12,2
DA:14,2
DA:15,2
LF:7
LH:6
end_of_record
SF:lib\src\modules\cache\external\datasources\prefs_datasource.dart
DA:10,1
DA:12,1
DA:14,2
DA:18,1
DA:21,1
DA:23,4
DA:26,1
DA:28,2
LF:8
LH:8
end_of_record
