SF:lib\src\core\config\base_config.dart
DA:9,13
DA:14,5
DA:21,1
DA:22,2
DA:23,2
DA:28,3
LF:6
LH:6
end_of_record
SF:lib\src\auto_cache_manager.dart
DA:4,2
DA:5,2
LF:2
LH:2
end_of_record
SF:lib\src\auto_cache_manager_initializer.dart
DA:6,4
DA:8,12
DA:10,8
DA:14,3
DA:15,12
DA:17,0
DA:18,0
DA:19,0
DA:22,3
DA:24,6
LF:10
LH:7
end_of_record
SF:lib\src\modules\cache\presenter\controllers\specifics\sql_cache_manager_controller.dart
DA:17,2
DA:23,3
DA:26,2
DA:38,0
DA:39,0
DA:52,0
DA:53,0
LF:7
LH:3
end_of_record
SF:lib\src\modules\cache\presenter\controllers\specifics\kvs_cache_manager_controller.dart
DA:11,2
DA:13,3
DA:15,2
DA:21,0
DA:22,0
DA:29,0
DA:30,0
DA:37,0
DA:38,0
DA:45,0
DA:46,0
DA:53,0
DA:54,0
DA:61,0
DA:62,0
LF:15
LH:3
end_of_record
SF:lib\src\modules\cache\presenter\controllers\base_cache_manager_controller.dart
DA:15,2
DA:17,1
DA:18,1
DA:19,2
DA:20,2
DA:24,1
DA:25,2
DA:28,1
DA:31,2
DA:33,1
DA:34,1
DA:35,2
DA:39,1
DA:40,2
DA:43,1
DA:46,1
DA:48,2
DA:50,1
DA:51,1
LF:19
LH:19
end_of_record
SF:lib\src\core\exceptions\auto_cache_manager_exception.dart
DA:11,0
LF:1
LH:0
end_of_record
SF:lib\src\core\services\injector\injector.dart
DA:2,2
DA:4,6
DA:6,4
DA:10,3
DA:12,1
DA:13,2
DA:16,1
DA:17,2
DA:20,1
DA:21,3
DA:24,0
DA:25,0
DA:28,6
LF:13
LH:11
end_of_record
SF:lib\src\core\services\injector\package_injections.dart
DA:8,0
DA:9,0
DA:11,0
DA:12,0
DA:13,0
LF:5
LH:0
end_of_record
SF:lib\src\core\utils\either.dart
DA:12,0
DA:13,0
DA:14,0
DA:18,0
DA:19,0
DA:20,0
DA:21,0
DA:27,0
DA:28,0
DA:40,3
DA:42,1
DA:44,2
DA:47,0
DA:49,0
DA:52,3
DA:53,3
DA:55,0
DA:56,0
DA:68,3
DA:70,1
DA:72,2
DA:75,0
DA:77,0
DA:80,0
DA:81,0
DA:83,2
DA:84,2
DA:87,3
DA:88,3
DA:91,3
DA:92,3
DA:98,10
LF:32
LH:15
end_of_record
SF:lib\src\core\services\storages\kvs\shared_preferences\shared_preferences_kvs_service.dart
DA:14,1
DA:16,1
DA:19,2
DA:23,1
DA:24,1
DA:26,0
DA:30,0
DA:33,0
DA:35,0
DA:38,0
DA:39,0
DA:42,0
DA:43,0
DA:45,0
DA:47,0
DA:51,0
DA:53,0
LF:17
LH:5
end_of_record
SF:lib\src\core\services\storages\dtos\adapters\storage_dto_adapter.dart
DA:4,1
DA:5,1
DA:6,1
DA:7,1
DA:8,1
DA:9,2
DA:13,0
DA:14,0
DA:15,0
DA:16,0
DA:17,0
DA:18,0
LF:12
LH:6
end_of_record
SF:lib\src\core\services\storages\dtos\storage_dto.dart
DA:7,1
LF:1
LH:1
end_of_record
SF:lib\src\core\services\storages\exceptions\storage_exceptions.dart
DA:4,0
DA:5,0
DA:9,0
DA:10,0
LF:4
LH:0
end_of_record
SF:lib\src\modules\cache\domain\dtos\save_cache_dto.dart
DA:14,3
DA:21,3
DA:22,6
DA:24,3
DA:27,3
DA:28,3
DA:32,2
DA:36,3
DA:37,3
DA:38,3
DA:39,3
DA:42,0
DA:44,0
LF:13
LH:11
end_of_record
SF:lib\src\modules\cache\domain\entities\cache_entity.dart
DA:14,2
DA:20,1
DA:22,1
DA:26,0
DA:29,0
DA:30,0
LF:6
LH:3
end_of_record
SF:lib\src\modules\cache\domain\exceptions\cache_exceptions.dart
DA:4,0
DA:7,0
DA:11,0
DA:14,0
DA:17,0
DA:18,0
LF:6
LH:0
end_of_record
SF:lib\src\modules\cache\domain\services\invalidation\invalidation_cache_context.dart
DA:9,0
DA:10,0
DA:11,0
DA:12,0
LF:4
LH:0
end_of_record
SF:lib\src\modules\cache\domain\services\invalidation\strategies\ttl_invalidation_strategy.dart
DA:7,10
DA:11,0
DA:13,0
DA:15,0
DA:19,0
LF:5
LH:1
end_of_record
SF:lib\src\modules\cache\domain\usecases\get_cache_usecase.dart
DA:14,1
DA:16,1
DA:18,2
DA:20,1
DA:21,2
DA:24,2
DA:25,1
DA:28,1
DA:29,2
DA:31,1
DA:32,2
DA:35,1
LF:12
LH:12
end_of_record
SF:lib\src\modules\cache\domain\usecases\save_cache_usecase.dart
DA:16,0
DA:18,0
DA:20,0
DA:22,0
DA:23,0
DA:26,0
DA:27,0
DA:29,0
DA:30,0
DA:34,0
DA:37,0
DA:38,0
DA:40,0
DA:41,0
DA:44,0
LF:15
LH:0
end_of_record
SF:lib\src\modules\cache\infra\repositories\cache_repository.dart
DA:14,1
DA:16,1
DA:19,2
DA:20,5
DA:22,1
DA:24,1
DA:25,1
DA:26,1
DA:30,1
DA:33,2
DA:34,5
DA:36,1
DA:38,1
DA:39,1
DA:40,1
LF:15
LH:15
end_of_record
SF:lib\src\modules\cache\external\adapters\cache_adapter.dart
DA:7,1
DA:8,1
DA:9,1
DA:10,1
DA:12,2
DA:13,2
DA:17,1
DA:18,1
DA:19,1
DA:20,1
DA:21,2
DA:22,2
LF:12
LH:12
end_of_record
SF:lib\src\modules\cache\external\adapters\enums\invalidation_type_adapter.dart
DA:4,2
DA:6,2
DA:7,2
DA:12,2
DA:14,2
DA:15,2
LF:6
LH:6
end_of_record
SF:lib\src\core\extensions\when_extensions.dart
DA:4,1
DA:5,2
LF:2
LH:2
end_of_record
